<?xml version="1.0" encoding="UTF-8"?>
<!-- Generated by org.testng.reporters.JUnitXMLReporter -->
<testsuite ignored="0" hostname="LTIN718607" failures="0" tests="4" name="Default test" time="73.648" errors="0" timestamp="2026-04-13T11:34:17 IST">
  <testcase classname="Tests.Testingpage" name="Check_SignIn" time="4.13"/>
  <testcase classname="Tests.Testingpage" name="Check_Text" time="6.677"/>
  <testcase classname="Tests.Testingpage" name="Check_SignupButtonEnabled" time="12.67"/>
  <testcase classname="Tests.Testingpage" name="CheckTextforInvalidEmail" time="3.465"/>
</testsuite> <!-- Default test -->
