<?xml version="1.0" encoding="UTF-8"?>
<!-- Generated by org.testng.reporters.JUnitReportReporter -->
<testsuite hostname="LTIN718607" failures="0" tests="4" name="Tests.Testingpage" time="26.942" errors="0" timestamp="2026-04-13T11:34:19 IST" skipped="0">
  <testcase classname="Tests.Testingpage" name="CheckTextforInvalidEmail" time="3.465"/>
  <testcase classname="Tests.Testingpage" name="Check_Text" time="6.677"/>
  <testcase classname="Tests.Testingpage" name="Check_SignupButtonEnabled" time="12.670"/>
  <testcase classname="Tests.Testingpage" name="Check_SignIn" time="4.130"/>
</testsuite> <!-- Tests.Testingpage -->
